<?xml version="1.0" encoding="UTF-8"?>
<testsuite name="Request Example for Udemy" tests="1" skipped="0" failures="0" errors="0" timestamp="2024-05-26T02:51:08" hostname="DESKTOP-H657JPJ" time="1.802">
  <properties/>
  <testcase name="validate an element is into response" classname="Request Example for Udemy" time="1.802"/>
  <system-out><![CDATA[
@API
Scenario: validate an element is into response                                   ?[90m# src/test/resources/features/APITest.feature:14?[0m
  ?[32mGiven ?[0m?[32muser sends a get request to the ?[0m?[32m?[1mhttps://jsonplaceholder.typicode.com?[0m?[32m URI?[0m ?[90m# steps.APITestSteps.user_sends_a_get_request_to_the_https_jsonplaceholder_typicode_com_uri(java.lang.String)?[0m
  ?[32mThen ?[0m?[32muser validate there is a value: ?[0m?[32m?[1mBret?[0m?[32m in the response at ?[0m?[32m?[1m/users?[0m?[32m endpoint?[0m   ?[90m# steps.APITestSteps.validateValue(java.lang.String,java.lang.String)?[0m
]]></system-out>
  <system-err><![CDATA[]]></system-err>
</testsuite>
